<?xml version="1.0" encoding="UTF-8"?>
<!-- Generated by org.testng.reporters.JUnitReportReporter -->
<testsuite skipped="0" hostname="DESKTOP-PKG28I6" name="com.training.test.login.TC3" tests="1" failures="0" timestamp="2022-01-10T13:49:43 PST" time="9.441" errors="0">
  <testcase name="validateLogin" time="9.441" classname="com.training.test.login.TC3"/>
  <system-out/>
</testsuite> <!-- com.training.test.login.TC3 -->
