<?xml version="1.0" encoding="UTF-8"?>
<!-- Generated by org.testng.reporters.JUnitReportReporter -->
<testsuite skipped="0" hostname="DESKTOP-PKG28I6" name="com.training.test.login.TC1" tests="1" failures="0" timestamp="2021-12-24T10:39:42 PST" time="4.382" errors="0">
  <testcase name="validateLogin" time="4.382" classname="com.training.test.login.TC1"/>
  <system-out/>
</testsuite> <!-- com.training.test.login.TC1 -->
