<?xml version="1.0" encoding="UTF-8"?>
<!-- Generated by org.testng.reporters.JUnitReportReporter -->
<testsuite skipped="0" hostname="DESKTOP-PKG28I6" name="com.training.test.login.TC2" tests="1" failures="0" timestamp="2021-12-24T10:36:57 PST" time="4.379" errors="0">
  <testcase name="validateLogin" time="4.379" classname="com.training.test.login.TC2"/>
  <system-out/>
</testsuite> <!-- com.training.test.login.TC2 -->
