<?xml version="1.0" encoding="UTF-8"?>
<!-- Generated by org.testng.reporters.JUnitReportReporter -->
<testsuite skipped="0" hostname="DESKTOP-PKG28I6" name="com.training.test.login.LoginToSF2" tests="1" failures="0" timestamp="2021-11-17T11:31:56 PST" time="3.753" errors="0">
  <testcase name="validateLogin" time="3.753" classname="com.training.test.login.LoginToSF2"/>
  <system-out/>
</testsuite> <!-- com.training.test.login.LoginToSF2 -->
